Determining if the pthread_create exist failed with the following output:
Change Dir: /home/alogins/fcla/lib/lemon-1.3.1/lib/CMakeFiles/CMakeTmp

Run Build Command:"/usr/bin/make" "cmTC_b5bb7/fast"
/usr/bin/make -f CMakeFiles/cmTC_b5bb7.dir/build.make CMakeFiles/cmTC_b5bb7.dir/build
make[1]: Entering directory `/home/alogins/fcla/lib/lemon-1.3.1/lib/CMakeFiles/CMakeTmp'
Building C object CMakeFiles/cmTC_b5bb7.dir/CheckSymbolExists.c.o
/usr/bin/cc    -o CMakeFiles/cmTC_b5bb7.dir/CheckSymbolExists.c.o   -c /home/alogins/fcla/lib/lemon-1.3.1/lib/CMakeFiles/CMakeTmp/CheckSymbolExists.c
Linking C executable cmTC_b5bb7
/usr/local/bin/cmake -E cmake_link_script CMakeFiles/cmTC_b5bb7.dir/link.txt --verbose=1
/usr/bin/cc      -rdynamic CMakeFiles/cmTC_b5bb7.dir/CheckSymbolExists.c.o  -o cmTC_b5bb7 
CMakeFiles/cmTC_b5bb7.dir/CheckSymbolExists.c.o: In function `main':
CheckSymbolExists.c:(.text+0x16): undefined reference to `pthread_create'
collect2: error: ld returned 1 exit status
make[1]: *** [cmTC_b5bb7] Error 1
make[1]: Leaving directory `/home/alogins/fcla/lib/lemon-1.3.1/lib/CMakeFiles/CMakeTmp'
make: *** [cmTC_b5bb7/fast] Error 2

File /home/alogins/fcla/lib/lemon-1.3.1/lib/CMakeFiles/CMakeTmp/CheckSymbolExists.c:
/* */
#include <pthread.h>

int main(int argc, char** argv)
{
  (void)argv;
#ifndef pthread_create
  return ((int*)(&pthread_create))[argc];
#else
  (void)argc;
  return 0;
#endif
}

Determining if the function pthread_create exists in the pthreads failed with the following output:
Change Dir: /home/alogins/fcla/lib/lemon-1.3.1/lib/CMakeFiles/CMakeTmp

Run Build Command:"/usr/bin/make" "cmTC_760d2/fast"
/usr/bin/make -f CMakeFiles/cmTC_760d2.dir/build.make CMakeFiles/cmTC_760d2.dir/build
make[1]: Entering directory `/home/alogins/fcla/lib/lemon-1.3.1/lib/CMakeFiles/CMakeTmp'
Building C object CMakeFiles/cmTC_760d2.dir/CheckFunctionExists.c.o
/usr/bin/cc   -DCHECK_FUNCTION_EXISTS=pthread_create   -o CMakeFiles/cmTC_760d2.dir/CheckFunctionExists.c.o   -c /usr/local/share/cmake-3.8/Modules/CheckFunctionExists.c
Linking C executable cmTC_760d2
/usr/local/bin/cmake -E cmake_link_script CMakeFiles/cmTC_760d2.dir/link.txt --verbose=1
/usr/bin/cc  -DCHECK_FUNCTION_EXISTS=pthread_create    -rdynamic CMakeFiles/cmTC_760d2.dir/CheckFunctionExists.c.o  -o cmTC_760d2 -lpthreads 
/usr/bin/ld: cannot find -lpthreads
collect2: error: ld returned 1 exit status
make[1]: *** [cmTC_760d2] Error 1
make[1]: Leaving directory `/home/alogins/fcla/lib/lemon-1.3.1/lib/CMakeFiles/CMakeTmp'
make: *** [cmTC_760d2/fast] Error 2


